<?xml version="1.0" encoding="UTF-8"?>
<testng-results skipped="0" failed="0" ignored="0" total="0" passed="0">
  <reporter-output>
  </reporter-output>
  <suite name="PageFactory" duration-ms="29" started-at="2020-02-02T15:22:54Z" finished-at="2020-02-02T15:22:54Z">
    <groups>
    </groups>
    <test name="Flight Search Test" duration-ms="29" started-at="2020-02-02T15:22:54Z" finished-at="2020-02-02T15:22:54Z">
    </test> <!-- Flight Search Test -->
  </suite> <!-- PageFactory -->
</testng-results>
